0 verbose cli /usr/local/bin/node /usr/local/bin/npm
1 info using npm@10.8.2
2 info using node@v20.19.0
3 silly config load:file:/usr/local/lib/node_modules/npm/npmrc
4 silly config load:file:/usr/src/node-red/.npmrc
5 silly config load:file:/usr/local/etc/npmrc
6 verbose title npm install node-red-contrib-prometheus-exporter
7 verbose argv "install" "node-red-contrib-prometheus-exporter"
8 verbose logfile logs-max:10 dir:/data/.npm/_logs/2025-07-28T13_45_31_876Z-
9 verbose logfile /data/.npm/_logs/2025-07-28T13_45_31_876Z-debug-0.log
10 silly packumentCache heap:2197815296 maxSize:549453824 maxEntrySize:274726912
11 silly logfile done cleaning log files
12 silly idealTree buildDeps
13 silly fetch manifest node-red-contrib-prometheus-exporter@*
14 silly packumentCache full:https://registry.npmjs.org/node-red-contrib-prometheus-exporter cache-miss
15 http fetch GET 200 https://registry.npmjs.org/node-red-contrib-prometheus-exporter 1182ms (cache revalidated)
16 silly packumentCache full:https://registry.npmjs.org/node-red-contrib-prometheus-exporter set size:21148 disposed:false
17 silly placeDep ROOT node-red-contrib-prometheus-exporter@1.0.5 OK for: node-red-docker@4.0.9 want: *
18 silly fetch manifest prom-client@^13.1.0
19 silly packumentCache full:https://registry.npmjs.org/prom-client cache-miss
20 http fetch GET 200 https://registry.npmjs.org/prom-client 74ms (cache revalidated)
21 silly packumentCache full:https://registry.npmjs.org/prom-client set size:247996 disposed:false
22 silly placeDep ROOT prom-client@13.2.0 OK for: node-red-contrib-prometheus-exporter@1.0.5 want: ^13.1.0
23 silly fetch manifest tdigest@^0.1.1
24 silly packumentCache full:https://registry.npmjs.org/tdigest cache-miss
25 http fetch GET 200 https://registry.npmjs.org/tdigest 45ms (cache revalidated)
26 silly packumentCache full:https://registry.npmjs.org/tdigest set size:22393 disposed:false
27 silly placeDep ROOT tdigest@0.1.2 OK for: prom-client@13.2.0 want: ^0.1.1
28 silly fetch manifest bintrees@1.0.2
29 silly packumentCache full:https://registry.npmjs.org/bintrees cache-miss
30 http fetch GET 200 https://registry.npmjs.org/bintrees 62ms (cache revalidated)
31 silly packumentCache full:https://registry.npmjs.org/bintrees set size:20270 disposed:false
32 silly placeDep ROOT bintrees@1.0.2 OK for: tdigest@0.1.2 want: 1.0.2
33 silly reify moves {}
34 silly audit bulk request {
34 silly audit   '@babel/runtime': [ '7.26.10' ],
34 silly audit   '@isaacs/cliui': [ '8.0.2' ],
34 silly audit   'ansi-regex': [ '6.1.0', '5.0.1' ],
34 silly audit   'strip-ansi': [ '7.1.0', '6.0.1' ],
34 silly audit   '@isaacs/fs-minipass': [ '4.0.1' ],
34 silly audit   '@node-red/editor-api': [ '4.0.9' ],
34 silly audit   '@node-red/editor-client': [ '4.0.9' ],
34 silly audit   '@node-red/nodes': [ '4.0.9' ],
34 silly audit   '@node-red/registry': [ '4.0.9' ],
34 silly audit   '@node-red/runtime': [ '4.0.9' ],
34 silly audit   '@node-red/util': [ '4.0.9' ],
34 silly audit   '@node-rs/bcrypt': [ '1.10.4' ],
34 silly audit   '@node-rs/bcrypt-linux-arm64-musl': [ '1.10.4' ],
34 silly audit   '@pkgjs/parseargs': [ '0.11.0' ],
34 silly audit   '@sindresorhus/is': [ '5.6.0' ],
34 silly audit   '@socket.io/component-emitter': [ '3.1.2' ],
34 silly audit   '@szmarczak/http-timer': [ '5.0.1' ],
34 silly audit   '@types/cors': [ '2.8.19' ],
34 silly audit   '@types/http-cache-semantics': [ '4.0.4' ],
34 silly audit   '@types/node': [ '22.13.10' ],
34 silly audit   '@types/readable-stream': [ '4.0.18' ],
34 silly audit   '@types/ws': [ '8.18.0' ],
34 silly audit   abbrev: [ '1.1.1' ],
34 silly audit   'abort-controller': [ '3.0.0' ],
34 silly audit   accepts: [ '1.3.8' ],
34 silly audit   acorn: [ '8.12.1' ],
34 silly audit   'acorn-walk': [ '8.3.4' ],
34 silly audit   'agent-base': [ '6.0.2' ],
34 silly audit   debug: [ '4.4.0', '2.6.9', '4.3.7' ],
34 silly audit   ms: [ '2.1.3', '2.0.0' ],
34 silly audit   ajv: [ '8.17.1' ],
34 silly audit   'ansi-colors': [ '4.1.3' ],
34 silly audit   'ansi-styles': [ '6.2.1', '4.3.0' ],
34 silly audit   'append-field': [ '1.0.0' ],
34 silly audit   argparse: [ '2.0.1' ],
34 silly audit   'array-flatten': [ '1.1.1' ],
34 silly audit   'async-mutex': [ '0.5.0' ],
34 silly audit   asynckit: [ '0.4.0' ],
34 silly audit   axios: [ '1.8.3' ],
34 silly audit   'balanced-match': [ '1.0.2' ],
34 silly audit   'base64-js': [ '1.5.1' ],
34 silly audit   base64id: [ '2.0.0' ],
34 silly audit   'basic-auth': [ '2.0.1' ],
34 silly audit   bcryptjs: [ '2.4.3' ],
34 silly audit   bl: [ '6.1.0', '2.2.1' ],
34 silly audit   'body-parser': [ '1.20.3' ],
34 silly audit   'iconv-lite': [ '0.4.24', '0.6.3' ],
34 silly audit   'raw-body': [ '2.5.2', '3.0.0' ],
34 silly audit   boolbase: [ '1.0.0' ],
34 silly audit   'brace-expansion': [ '2.0.1' ],
34 silly audit   bson: [ '1.1.6' ],
34 silly audit   buffer: [ '6.0.3' ],
34 silly audit   'buffer-from': [ '1.1.2' ],
34 silly audit   busboy: [ '1.6.0' ],
34 silly audit   bytes: [ '3.1.2' ],
34 silly audit   'cacheable-lookup': [ '7.0.0' ],
34 silly audit   'cacheable-request': [ '10.2.14' ],
34 silly audit   'call-bind-apply-helpers': [ '1.0.2' ],
34 silly audit   'call-bound': [ '1.0.4' ],
34 silly audit   cheerio: [ '1.0.0-rc.10' ],
34 silly audit   'cheerio-select': [ '1.6.0' ],
34 silly audit   chownr: [ '3.0.0' ],
34 silly audit   'cli-table': [ '0.3.11' ],
34 silly audit   clone: [ '2.1.2' ],
34 silly audit   'color-convert': [ '2.0.1' ],
34 silly audit   'color-name': [ '1.1.4' ],
34 silly audit   colors: [ '1.0.3' ],
34 silly audit   'combined-stream': [ '1.0.8' ],
34 silly audit   commist: [ '3.2.0' ],
34 silly audit   compressible: [ '2.0.18' ],
34 silly audit   compression: [ '1.8.1' ],
34 silly audit   negotiator: [ '0.6.4', '0.6.3' ],
34 silly audit   'on-headers': [ '1.1.0', '1.0.2' ],
34 silly audit   'safe-buffer': [ '5.2.1', '5.1.2' ],
34 silly audit   'concat-stream': [ '2.0.0', '1.6.2' ],
34 silly audit   'readable-stream': [ '3.6.2', '2.3.8', '4.7.0' ],
34 silly audit   'content-disposition': [ '0.5.4' ],
34 silly audit   'content-type': [ '1.0.5' ],
34 silly audit   cookie: [ '0.7.2', '0.7.1' ],
34 silly audit   'cookie-parser': [ '1.4.7' ],
34 silly audit   'cookie-signature': [ '1.0.6', '1.0.7' ],
34 silly audit   'core-util-is': [ '1.0.3' ],
34 silly audit   cors: [ '2.8.5' ],
34 silly audit   cronosjs: [ '1.7.1' ],
34 silly audit   'cross-spawn': [ '7.0.6' ],
34 silly audit   'css-select': [ '4.3.0' ],
34 silly audit   'css-what': [ '6.1.0' ],
34 silly audit   'decompress-response': [ '6.0.0' ],
34 silly audit   'mimic-response': [ '3.1.0', '4.0.0' ],
34 silly audit   'defer-to-connect': [ '2.0.1' ],
34 silly audit   'delayed-stream': [ '1.0.0' ],
34 silly audit   denque: [ '2.1.0', '1.5.1' ],
34 silly audit   depd: [ '2.0.0' ],
34 silly audit   destroy: [ '1.2.0' ],
34 silly audit   'dom-serializer': [ '1.4.1' ],
34 silly audit   domelementtype: [ '2.3.0' ],
34 silly audit   domhandler: [ '4.3.1' ],
34 silly audit   domutils: [ '2.8.0' ],
34 silly audit   'dunder-proto': [ '1.0.1' ],
34 silly audit   eastasianwidth: [ '0.2.0' ],
34 silly audit   'ee-first': [ '1.1.1' ],
34 silly audit   'emoji-regex': [ '9.2.2', '8.0.0' ],
34 silly audit   encodeurl: [ '2.0.0', '1.0.2' ],
34 silly audit   'engine.io': [ '6.6.4' ],
34 silly audit   'engine.io-parser': [ '5.2.3' ],
34 silly audit   ws: [ '8.17.1', '8.18.1', '7.5.10' ],
34 silly audit   enquirer: [ '2.4.1' ],
34 silly audit   entities: [ '2.2.0' ],
34 silly audit   'es-define-property': [ '1.0.1' ],
34 silly audit   'es-errors': [ '1.3.0' ],
34 silly audit   'es-object-atoms': [ '1.1.1' ],
34 silly audit   'escape-html': [ '1.0.3' ],
34 silly audit   etag: [ '1.8.1' ],
34 silly audit   'event-target-shim': [ '5.0.1' ],
34 silly audit   events: [ '3.3.0' ],
34 silly audit   express: [ '4.21.2' ],
34 silly audit   'express-session': [ '1.18.1' ],
34 silly audit   'fast-deep-equal': [ '3.1.3' ],
34 silly audit   'fast-unique-numbers': [ '8.0.13' ],
34 silly audit   'fast-uri': [ '3.0.6' ],
34 silly audit   finalhandler: [ '1.3.1' ],
34 silly audit   'follow-redirects': [ '1.15.9' ],
34 silly audit   'foreground-child': [ '3.3.1' ],
34 silly audit   'form-data': [ '4.0.0' ],
34 silly audit   'form-data-encoder': [ '2.1.4' ],
34 silly audit   forwarded: [ '0.2.0' ],
34 silly audit   fresh: [ '0.5.2' ],
34 silly audit   'fs-extra': [ '11.2.0' ],
34 silly audit   'function-bind': [ '1.1.2' ],
34 silly audit   'get-intrinsic': [ '1.3.0' ],
34 silly audit   'get-proto': [ '1.0.1' ],
34 silly audit   'get-stream': [ '6.0.1' ],
34 silly audit   glob: [ '10.4.5' ],
34 silly audit   gopd: [ '1.2.0' ],
34 silly audit   got: [ '12.6.1' ],
34 silly audit   'graceful-fs': [ '4.2.11' ],
34 silly audit   gridstack: [ '0.6.4' ],
34 silly audit   'has-symbols': [ '1.1.0' ],
34 silly audit   'hash-sum': [ '2.0.0' ],
34 silly audit   hasown: [ '2.0.2' ],
34 silly audit   'help-me': [ '5.0.0' ],
34 silly audit   hpagent: [ '1.2.0' ],
34 silly audit   htmlparser2: [ '6.1.0' ],
34 silly audit   'http-cache-semantics': [ '4.1.1' ],
34 silly audit   'http-errors': [ '2.0.0' ],
34 silly audit   'http2-wrapper': [ '2.2.1' ],
34 silly audit   'https-proxy-agent': [ '5.0.1' ],
34 silly audit   i18next: [ '21.10.0' ],
34 silly audit   ieee754: [ '1.2.1' ],
34 silly audit   inherits: [ '2.0.4' ],
34 silly audit   'ipaddr.js': [ '1.9.1' ],
34 silly audit   'is-fullwidth-code-point': [ '3.0.0' ],
34 silly audit   'is-utf8': [ '0.2.1' ],
34 silly audit   isarray: [ '1.0.0' ],
34 silly audit   isexe: [ '2.0.0' ],
34 silly audit   jackspeak: [ '3.4.3' ],
34 silly audit   jquery: [ '3.7.1' ],
34 silly audit   'js-sdsl': [ '4.3.0' ],
34 silly audit   'js-yaml': [ '4.1.0' ],
34 silly audit   'json-buffer': [ '3.0.1' ],
34 silly audit   'json-schema-traverse': [ '1.0.0' ],
34 silly audit   'json-stringify-safe': [ '5.0.1' ],
34 silly audit   jsonata: [ '2.0.5' ],
34 silly audit   jsonfile: [ '6.1.0' ],
34 silly audit   keyv: [ '4.5.4' ],
34 silly audit   'lodash.clonedeep': [ '4.5.0' ],
34 silly audit   'lowercase-keys': [ '3.0.0' ],
34 silly audit   'lru-cache': [ '4.1.5', '10.4.3' ],
34 silly audit   'math-intrinsics': [ '1.1.0' ],
34 silly audit   'media-typer': [ '1.1.0', '0.3.0' ],
34 silly audit   'memory-pager': [ '1.5.0' ],
34 silly audit   memorystore: [ '1.6.7' ],
34 silly audit   'merge-descriptors': [ '1.0.3' ],
34 silly audit   methods: [ '1.1.2' ],
34 silly audit   mime: [ '3.0.0', '1.6.0' ],
34 silly audit   'mime-db': [ '1.52.0' ],
34 silly audit   'mime-types': [ '2.1.35' ],
34 silly audit   minimatch: [ '9.0.5' ],
34 silly audit   minimist: [ '1.2.8' ],
34 silly audit   minipass: [ '7.1.2' ],
34 silly audit   minizlib: [ '3.0.1' ],
34 silly audit   mkdirp: [ '0.5.6', '3.0.1' ],
34 silly audit   moment: [ '2.30.1' ],
34 silly audit   'moment-timezone': [ '0.5.46' ],
34 silly audit   mongodb: [ '3.7.4' ],
34 silly audit   string_decoder: [ '1.1.1', '1.3.0' ],
34 silly audit   mqtt: [ '5.7.0' ],
34 silly audit   'mqtt-packet': [ '9.0.2' ],
34 silly audit   multer: [ '1.4.5-lts.1' ],
34 silly audit   mustache: [ '4.2.0' ],
34 silly audit   'mute-stream': [ '1.0.0' ],
34 silly audit   'node-red': [ '4.0.9' ],
34 silly audit   'node-red-admin': [ '4.0.1' ],
34 silly audit   'node-red-dashboard': [ '3.6.5' ],
34 silly audit   'node-red-node-mongodb': [ '0.2.5' ],
34 silly audit   'node-watch': [ '0.7.4' ],
34 silly audit   nopt: [ '5.0.0' ],
34 silly audit   'normalize-url': [ '8.0.1' ],
34 silly audit   'nth-check': [ '2.1.1' ],
34 silly audit   'number-allocator': [ '1.0.14' ],
34 silly audit   oauth2orize: [ '1.12.0' ],
34 silly audit   'object-assign': [ '4.1.1' ],
34 silly audit   'object-inspect': [ '1.13.4' ],
34 silly audit   'on-finished': [ '2.4.1' ],
34 silly audit   'optional-require': [ '1.1.10' ],
34 silly audit   'p-cancelable': [ '3.0.0' ],
34 silly audit   'package-json-from-dist': [ '1.0.1' ],
34 silly audit   parse5: [ '6.0.1' ],
34 silly audit   'parse5-htmlparser2-tree-adapter': [ '6.0.1' ],
34 silly audit   parseurl: [ '1.3.3' ],
34 silly audit   passport: [ '0.7.0' ],
34 silly audit   'passport-http-bearer': [ '1.0.1' ],
34 silly audit   'passport-oauth2-client-password': [ '0.1.2' ],
34 silly audit   'passport-strategy': [ '1.0.0' ],
34 silly audit   'path-key': [ '3.1.1' ],
34 silly audit   'path-scurry': [ '1.11.1' ],
34 silly audit   'path-to-regexp': [ '0.1.12' ],
34 silly audit   pause: [ '0.0.1' ],
34 silly audit   process: [ '0.11.10' ],
34 silly audit   'process-nextick-args': [ '2.0.1' ],
34 silly audit   'proxy-addr': [ '2.0.7' ],
34 silly audit   'proxy-from-env': [ '1.1.0' ],
34 silly audit   pseudomap: [ '1.0.2' ],
34 silly audit   qs: [ '6.13.0' ],
34 silly audit   'quick-lru': [ '5.1.1' ],
34 silly audit   'random-bytes': [ '1.0.0' ],
34 silly audit   'range-parser': [ '1.2.1' ],
34 silly audit   read: [ '3.0.1' ],
34 silly audit   'regenerator-runtime': [ '0.14.1' ],
34 silly audit   reinterval: [ '1.1.0' ],
34 silly audit   'require-at': [ '1.0.6' ],
34 silly audit   'require-from-string': [ '2.0.2' ],
34 silly audit   'resolve-alpn': [ '1.2.1' ],
34 silly audit   responselike: [ '3.0.0' ],
34 silly audit   rfdc: [ '1.4.1' ],
34 silly audit   rimraf: [ '5.0.10' ],
34 silly audit   'safer-buffer': [ '2.1.2' ],
34 silly audit   saslprep: [ '1.0.3' ],
34 silly audit   sax: [ '1.4.1' ],
34 silly audit   semver: [ '7.6.3' ],
34 silly audit   send: [ '0.19.0' ],
34 silly audit   'serve-static': [ '1.16.2' ],
34 silly audit   setprototypeof: [ '1.2.0' ],
34 silly audit   'shebang-command': [ '2.0.0' ],
34 silly audit   'shebang-regex': [ '3.0.0' ],
34 silly audit   'side-channel': [ '1.1.0' ],
34 silly audit   'side-channel-list': [ '1.0.0' ],
34 silly audit   'side-channel-map': [ '1.0.1' ],
34 silly audit   'side-channel-weakmap': [ '1.0.2' ],
34 silly audit   'signal-exit': [ '4.1.0' ],
34 silly audit   'socket.io': [ '4.8.1' ],
34 silly audit   'socket.io-adapter': [ '2.5.5' ],
34 silly audit   'socket.io-parser': [ '4.2.4' ],
34 silly audit   'sparse-bitfield': [ '3.0.3' ],
34 silly audit   split2: [ '4.2.0' ],
34 silly audit   statuses: [ '2.0.1' ],
34 silly audit   streamsearch: [ '1.1.0' ],
34 silly audit   'string-width': [ '5.1.2', '4.2.3' ],
34 silly audit   tar: [ '7.4.3' ],
34 silly audit   yallist: [ '5.0.0', '2.1.2' ],
34 silly audit   tldts: [ '6.1.84' ],
34 silly audit   'tldts-core': [ '6.1.84' ],
34 silly audit   toidentifier: [ '1.0.1' ],
34 silly audit   'tough-cookie': [ '5.1.2' ],
34 silly audit   tslib: [ '2.8.1' ],
34 silly audit   'type-is': [ '1.6.18' ],
34 silly audit   typedarray: [ '0.0.6' ],
34 silly audit   'uglify-js': [ '3.17.4' ],
34 silly audit   'uid-safe': [ '2.1.5' ],
34 silly audit   uid2: [ '0.0.4' ],
34 silly audit   'undici-types': [ '6.20.0' ],
34 silly audit   universalify: [ '2.0.1' ],
34 silly audit   unpipe: [ '1.0.0' ],
34 silly audit   'util-deprecate': [ '1.0.2' ],
34 silly audit   'utils-merge': [ '1.0.1' ],
34 silly audit   uuid: [ '9.0.1' ],
34 silly audit   vary: [ '1.1.2' ],
34 silly audit   which: [ '2.0.2' ],
34 silly audit   'worker-timers': [ '7.1.8' ],
34 silly audit   'worker-timers-broker': [ '6.1.8' ],
34 silly audit   'worker-timers-worker': [ '7.0.71' ],
34 silly audit   'wrap-ansi': [ '8.1.0', '7.0.0' ],
34 silly audit   xml2js: [ '0.6.2' ],
34 silly audit   xmlbuilder: [ '11.0.1' ],
34 silly audit   xtend: [ '4.0.2' ],
34 silly audit   'node-red-contrib-prometheus-exporter': [ '1.0.5' ],
34 silly audit   'prom-client': [ '13.2.0' ],
34 silly audit   tdigest: [ '0.1.2' ],
34 silly audit   bintrees: [ '1.0.2' ]
34 silly audit }
35 http fetch POST 200 https://registry.npmjs.org/-/npm/v1/security/advisories/bulk 330ms
36 silly audit report {
36 silly audit report   'brace-expansion': [
36 silly audit report     {
36 silly audit report       id: 1105444,
36 silly audit report       url: 'https://github.com/advisories/GHSA-v6h2-p8h4-qcjw',
36 silly audit report       title: 'brace-expansion Regular Expression Denial of Service vulnerability',
36 silly audit report       severity: 'low',
36 silly audit report       vulnerable_versions: '>=2.0.0 <=2.0.1',
36 silly audit report       cwe: [Array],
36 silly audit report       cvss: [Object]
36 silly audit report     }
36 silly audit report   ],
36 silly audit report   'on-headers': [
36 silly audit report     {
36 silly audit report       id: 1106485,
36 silly audit report       url: 'https://github.com/advisories/GHSA-76c9-3jph-rj3q',
36 silly audit report       title: 'on-headers is vulnerable to http response header manipulation',
36 silly audit report       severity: 'low',
36 silly audit report       vulnerable_versions: '<1.1.0',
36 silly audit report       cwe: [Array],
36 silly audit report       cvss: [Object]
36 silly audit report     }
36 silly audit report   ],
36 silly audit report   'form-data': [
36 silly audit report     {
36 silly audit report       id: 1106507,
36 silly audit report       url: 'https://github.com/advisories/GHSA-fjxv-7rqg-78g4',
36 silly audit report       title: 'form-data uses unsafe random function in form-data for choosing boundary',
36 silly audit report       severity: 'critical',
36 silly audit report       vulnerable_versions: '>=4.0.0 <4.0.4',
36 silly audit report       cwe: [Array],
36 silly audit report       cvss: [Object]
36 silly audit report     }
36 silly audit report   ]
36 silly audit report }
37 silly packumentCache corgi:https://registry.npmjs.org/brace-expansion cache-miss
38 silly packumentCache corgi:https://registry.npmjs.org/on-headers cache-miss
39 silly packumentCache corgi:https://registry.npmjs.org/form-data cache-miss
40 http fetch GET 200 https://registry.npmjs.org/brace-expansion 64ms (cache revalidated)
41 silly packumentCache corgi:https://registry.npmjs.org/brace-expansion set size:16192 disposed:false
42 http fetch GET 200 https://registry.npmjs.org/on-headers 130ms (cache revalidated)
43 silly packumentCache corgi:https://registry.npmjs.org/on-headers set size:4386 disposed:false
44 http fetch GET 200 https://registry.npmjs.org/form-data 131ms (cache revalidated)
45 silly packumentCache corgi:https://registry.npmjs.org/form-data set size:50252 disposed:false
46 silly packumentCache corgi:https://registry.npmjs.org/minimatch cache-miss
47 http fetch GET 200 https://registry.npmjs.org/minimatch 53ms (cache revalidated)
48 silly packumentCache corgi:https://registry.npmjs.org/minimatch set size:143741 disposed:false
49 silly packumentCache corgi:https://registry.npmjs.org/@node-red%2fnodes cache-miss
50 silly packumentCache corgi:https://registry.npmjs.org/express-session cache-miss
51 http fetch GET 200 https://registry.npmjs.org/express-session 46ms (cache revalidated)
52 silly packumentCache corgi:https://registry.npmjs.org/express-session set size:62752 disposed:false
53 http fetch GET 200 https://registry.npmjs.org/@node-red%2fnodes 514ms (cache revalidated)
54 silly packumentCache corgi:https://registry.npmjs.org/@node-red%2fnodes set size:201101 disposed:false
55 silly packumentCache corgi:https://registry.npmjs.org/axios cache-miss
56 http fetch GET 200 https://registry.npmjs.org/axios 48ms (cache revalidated)
57 silly packumentCache corgi:https://registry.npmjs.org/axios set size:244932 disposed:false
58 silly packumentCache corgi:https://registry.npmjs.org/@node-red%2feditor-api cache-miss
59 http fetch GET 200 https://registry.npmjs.org/@node-red%2feditor-api 504ms (cache revalidated)
60 silly packumentCache corgi:https://registry.npmjs.org/@node-red%2feditor-api set size:192469 disposed:false
61 silly packumentCache corgi:https://registry.npmjs.org/node-red cache-miss
62 http fetch GET 200 https://registry.npmjs.org/node-red 88ms (cache revalidated)
63 silly packumentCache corgi:https://registry.npmjs.org/node-red set size:323290 disposed:false
64 silly ADD node_modules/bintrees
65 silly ADD node_modules/tdigest
66 silly ADD node_modules/prom-client
67 silly ADD node_modules/node-red-contrib-prometheus-exporter
68 verbose cwd /usr/src/node-red
69 verbose os Linux 6.10.14-linuxkit
70 verbose node v20.19.0
71 verbose npm  v10.8.2
72 verbose exit 0
73 info ok
