0 verbose cli /usr/local/bin/node /usr/local/bin/npm
1 info using npm@10.8.2
2 info using node@v20.19.0
3 silly config load:file:/usr/local/lib/node_modules/npm/npmrc
4 silly config load:file:/usr/src/node-red/.npmrc
5 silly config load:file:/usr/local/etc/npmrc
6 verbose title npm install node-red-contrib-prometheus-exporter
7 verbose argv "install" "node-red-contrib-prometheus-exporter"
8 verbose logfile logs-max:10 dir:/data/.npm/_logs/2025-07-28T16_50_33_707Z-
9 verbose logfile /data/.npm/_logs/2025-07-28T16_50_33_707Z-debug-0.log
10 silly packumentCache heap:2197815296 maxSize:549453824 maxEntrySize:274726912
11 silly logfile done cleaning log files
12 silly idealTree buildDeps
13 silly fetch manifest node-red-contrib-prometheus-exporter@^1.0.5
14 silly packumentCache full:https://registry.npmjs.org/node-red-contrib-prometheus-exporter cache-miss
15 http fetch GET 200 https://registry.npmjs.org/node-red-contrib-prometheus-exporter 72ms (cache hit)
16 silly packumentCache full:https://registry.npmjs.org/node-red-contrib-prometheus-exporter set size:21148 disposed:false
17 silly placeDep ROOT node-red-contrib-prometheus-exporter@1.0.5 REPLACE for: node-red-docker@4.0.9 want: ^1.0.5
18 silly reify moves {}
19 silly audit bulk request {
19 silly audit   '@babel/runtime': [ '7.26.10' ],
19 silly audit   '@isaacs/cliui': [ '8.0.2' ],
19 silly audit   'ansi-regex': [ '6.1.0', '5.0.1' ],
19 silly audit   'strip-ansi': [ '7.1.0', '6.0.1' ],
19 silly audit   '@isaacs/fs-minipass': [ '4.0.1' ],
19 silly audit   '@node-red/editor-api': [ '4.0.9' ],
19 silly audit   '@node-red/editor-client': [ '4.0.9' ],
19 silly audit   '@node-red/nodes': [ '4.0.9' ],
19 silly audit   '@node-red/registry': [ '4.0.9' ],
19 silly audit   '@node-red/runtime': [ '4.0.9' ],
19 silly audit   '@node-red/util': [ '4.0.9' ],
19 silly audit   '@node-rs/bcrypt': [ '1.10.4' ],
19 silly audit   '@node-rs/bcrypt-linux-arm64-musl': [ '1.10.4' ],
19 silly audit   '@pkgjs/parseargs': [ '0.11.0' ],
19 silly audit   '@sindresorhus/is': [ '5.6.0' ],
19 silly audit   '@socket.io/component-emitter': [ '3.1.2' ],
19 silly audit   '@szmarczak/http-timer': [ '5.0.1' ],
19 silly audit   '@types/cors': [ '2.8.19' ],
19 silly audit   '@types/http-cache-semantics': [ '4.0.4' ],
19 silly audit   '@types/node': [ '22.13.10' ],
19 silly audit   '@types/readable-stream': [ '4.0.18' ],
19 silly audit   '@types/ws': [ '8.18.0' ],
19 silly audit   abbrev: [ '1.1.1' ],
19 silly audit   'abort-controller': [ '3.0.0' ],
19 silly audit   accepts: [ '1.3.8' ],
19 silly audit   acorn: [ '8.12.1' ],
19 silly audit   'acorn-walk': [ '8.3.4' ],
19 silly audit   'agent-base': [ '6.0.2' ],
19 silly audit   debug: [ '4.4.0', '2.6.9', '4.3.7' ],
19 silly audit   ms: [ '2.1.3', '2.0.0' ],
19 silly audit   ajv: [ '8.17.1' ],
19 silly audit   'ansi-colors': [ '4.1.3' ],
19 silly audit   'ansi-styles': [ '6.2.1', '4.3.0' ],
19 silly audit   'append-field': [ '1.0.0' ],
19 silly audit   argparse: [ '2.0.1' ],
19 silly audit   'array-flatten': [ '1.1.1' ],
19 silly audit   'async-mutex': [ '0.5.0' ],
19 silly audit   asynckit: [ '0.4.0' ],
19 silly audit   axios: [ '1.8.3' ],
19 silly audit   'balanced-match': [ '1.0.2' ],
19 silly audit   'base64-js': [ '1.5.1' ],
19 silly audit   base64id: [ '2.0.0' ],
19 silly audit   'basic-auth': [ '2.0.1' ],
19 silly audit   bcryptjs: [ '2.4.3' ],
19 silly audit   bintrees: [ '1.0.2' ],
19 silly audit   bl: [ '6.1.0', '2.2.1' ],
19 silly audit   'body-parser': [ '1.20.3' ],
19 silly audit   'iconv-lite': [ '0.4.24', '0.6.3' ],
19 silly audit   'raw-body': [ '2.5.2', '3.0.0' ],
19 silly audit   boolbase: [ '1.0.0' ],
19 silly audit   'brace-expansion': [ '2.0.1' ],
19 silly audit   bson: [ '1.1.6' ],
19 silly audit   buffer: [ '6.0.3' ],
19 silly audit   'buffer-from': [ '1.1.2' ],
19 silly audit   busboy: [ '1.6.0' ],
19 silly audit   bytes: [ '3.1.2' ],
19 silly audit   'cacheable-lookup': [ '7.0.0' ],
19 silly audit   'cacheable-request': [ '10.2.14' ],
19 silly audit   'call-bind-apply-helpers': [ '1.0.2' ],
19 silly audit   'call-bound': [ '1.0.4' ],
19 silly audit   cheerio: [ '1.0.0-rc.10' ],
19 silly audit   'cheerio-select': [ '1.6.0' ],
19 silly audit   chownr: [ '3.0.0' ],
19 silly audit   'cli-table': [ '0.3.11' ],
19 silly audit   clone: [ '2.1.2' ],
19 silly audit   'color-convert': [ '2.0.1' ],
19 silly audit   'color-name': [ '1.1.4' ],
19 silly audit   colors: [ '1.0.3' ],
19 silly audit   'combined-stream': [ '1.0.8' ],
19 silly audit   commist: [ '3.2.0' ],
19 silly audit   compressible: [ '2.0.18' ],
19 silly audit   compression: [ '1.8.1' ],
19 silly audit   negotiator: [ '0.6.4', '0.6.3' ],
19 silly audit   'on-headers': [ '1.1.0', '1.0.2' ],
19 silly audit   'safe-buffer': [ '5.2.1', '5.1.2' ],
19 silly audit   'concat-stream': [ '2.0.0', '1.6.2' ],
19 silly audit   'readable-stream': [ '3.6.2', '2.3.8', '4.7.0' ],
19 silly audit   'content-disposition': [ '0.5.4' ],
19 silly audit   'content-type': [ '1.0.5' ],
19 silly audit   cookie: [ '0.7.2', '0.7.1' ],
19 silly audit   'cookie-parser': [ '1.4.7' ],
19 silly audit   'cookie-signature': [ '1.0.6', '1.0.7' ],
19 silly audit   'core-util-is': [ '1.0.3' ],
19 silly audit   cors: [ '2.8.5' ],
19 silly audit   cronosjs: [ '1.7.1' ],
19 silly audit   'cross-spawn': [ '7.0.6' ],
19 silly audit   'css-select': [ '4.3.0' ],
19 silly audit   'css-what': [ '6.1.0' ],
19 silly audit   'decompress-response': [ '6.0.0' ],
19 silly audit   'mimic-response': [ '3.1.0', '4.0.0' ],
19 silly audit   'defer-to-connect': [ '2.0.1' ],
19 silly audit   'delayed-stream': [ '1.0.0' ],
19 silly audit   denque: [ '2.1.0', '1.5.1' ],
19 silly audit   depd: [ '2.0.0' ],
19 silly audit   destroy: [ '1.2.0' ],
19 silly audit   'dom-serializer': [ '1.4.1' ],
19 silly audit   domelementtype: [ '2.3.0' ],
19 silly audit   domhandler: [ '4.3.1' ],
19 silly audit   domutils: [ '2.8.0' ],
19 silly audit   'dunder-proto': [ '1.0.1' ],
19 silly audit   eastasianwidth: [ '0.2.0' ],
19 silly audit   'ee-first': [ '1.1.1' ],
19 silly audit   'emoji-regex': [ '9.2.2', '8.0.0' ],
19 silly audit   encodeurl: [ '2.0.0', '1.0.2' ],
19 silly audit   'engine.io': [ '6.6.4' ],
19 silly audit   'engine.io-parser': [ '5.2.3' ],
19 silly audit   ws: [ '8.17.1', '8.18.1', '7.5.10' ],
19 silly audit   enquirer: [ '2.4.1' ],
19 silly audit   entities: [ '2.2.0' ],
19 silly audit   'es-define-property': [ '1.0.1' ],
19 silly audit   'es-errors': [ '1.3.0' ],
19 silly audit   'es-object-atoms': [ '1.1.1' ],
19 silly audit   'escape-html': [ '1.0.3' ],
19 silly audit   etag: [ '1.8.1' ],
19 silly audit   'event-target-shim': [ '5.0.1' ],
19 silly audit   events: [ '3.3.0' ],
19 silly audit   express: [ '4.21.2' ],
19 silly audit   'express-session': [ '1.18.1' ],
19 silly audit   'fast-deep-equal': [ '3.1.3' ],
19 silly audit   'fast-unique-numbers': [ '8.0.13' ],
19 silly audit   'fast-uri': [ '3.0.6' ],
19 silly audit   finalhandler: [ '1.3.1' ],
19 silly audit   'follow-redirects': [ '1.15.9' ],
19 silly audit   'foreground-child': [ '3.3.1' ],
19 silly audit   'form-data': [ '4.0.0' ],
19 silly audit   'form-data-encoder': [ '2.1.4' ],
19 silly audit   forwarded: [ '0.2.0' ],
19 silly audit   fresh: [ '0.5.2' ],
19 silly audit   'fs-extra': [ '11.2.0' ],
19 silly audit   'function-bind': [ '1.1.2' ],
19 silly audit   'get-intrinsic': [ '1.3.0' ],
19 silly audit   'get-proto': [ '1.0.1' ],
19 silly audit   'get-stream': [ '6.0.1' ],
19 silly audit   glob: [ '10.4.5' ],
19 silly audit   gopd: [ '1.2.0' ],
19 silly audit   got: [ '12.6.1' ],
19 silly audit   'graceful-fs': [ '4.2.11' ],
19 silly audit   gridstack: [ '0.6.4' ],
19 silly audit   'has-symbols': [ '1.1.0' ],
19 silly audit   'hash-sum': [ '2.0.0' ],
19 silly audit   hasown: [ '2.0.2' ],
19 silly audit   'help-me': [ '5.0.0' ],
19 silly audit   hpagent: [ '1.2.0' ],
19 silly audit   htmlparser2: [ '6.1.0' ],
19 silly audit   'http-cache-semantics': [ '4.1.1' ],
19 silly audit   'http-errors': [ '2.0.0' ],
19 silly audit   'http2-wrapper': [ '2.2.1' ],
19 silly audit   'https-proxy-agent': [ '5.0.1' ],
19 silly audit   i18next: [ '21.10.0' ],
19 silly audit   ieee754: [ '1.2.1' ],
19 silly audit   inherits: [ '2.0.4' ],
19 silly audit   'ipaddr.js': [ '1.9.1' ],
19 silly audit   'is-fullwidth-code-point': [ '3.0.0' ],
19 silly audit   'is-utf8': [ '0.2.1' ],
19 silly audit   isarray: [ '1.0.0' ],
19 silly audit   isexe: [ '2.0.0' ],
19 silly audit   jackspeak: [ '3.4.3' ],
19 silly audit   jquery: [ '3.7.1' ],
19 silly audit   'js-sdsl': [ '4.3.0' ],
19 silly audit   'js-yaml': [ '4.1.0' ],
19 silly audit   'json-buffer': [ '3.0.1' ],
19 silly audit   'json-schema-traverse': [ '1.0.0' ],
19 silly audit   'json-stringify-safe': [ '5.0.1' ],
19 silly audit   jsonata: [ '2.0.5' ],
19 silly audit   jsonfile: [ '6.1.0' ],
19 silly audit   keyv: [ '4.5.4' ],
19 silly audit   'lodash.clonedeep': [ '4.5.0' ],
19 silly audit   'lowercase-keys': [ '3.0.0' ],
19 silly audit   'lru-cache': [ '4.1.5', '10.4.3' ],
19 silly audit   'math-intrinsics': [ '1.1.0' ],
19 silly audit   'media-typer': [ '1.1.0', '0.3.0' ],
19 silly audit   'memory-pager': [ '1.5.0' ],
19 silly audit   memorystore: [ '1.6.7' ],
19 silly audit   'merge-descriptors': [ '1.0.3' ],
19 silly audit   methods: [ '1.1.2' ],
19 silly audit   mime: [ '3.0.0', '1.6.0' ],
19 silly audit   'mime-db': [ '1.52.0' ],
19 silly audit   'mime-types': [ '2.1.35' ],
19 silly audit   minimatch: [ '9.0.5' ],
19 silly audit   minimist: [ '1.2.8' ],
19 silly audit   minipass: [ '7.1.2' ],
19 silly audit   minizlib: [ '3.0.1' ],
19 silly audit   mkdirp: [ '0.5.6', '3.0.1' ],
19 silly audit   moment: [ '2.30.1' ],
19 silly audit   'moment-timezone': [ '0.5.46' ],
19 silly audit   mongodb: [ '3.7.4' ],
19 silly audit   string_decoder: [ '1.1.1', '1.3.0' ],
19 silly audit   mqtt: [ '5.7.0' ],
19 silly audit   'mqtt-packet': [ '9.0.2' ],
19 silly audit   multer: [ '1.4.5-lts.1' ],
19 silly audit   mustache: [ '4.2.0' ],
19 silly audit   'mute-stream': [ '1.0.0' ],
19 silly audit   'node-red': [ '4.0.9' ],
19 silly audit   'node-red-admin': [ '4.0.1' ],
19 silly audit   'node-red-dashboard': [ '3.6.5' ],
19 silly audit   'node-red-node-mongodb': [ '0.2.5' ],
19 silly audit   'node-watch': [ '0.7.4' ],
19 silly audit   nopt: [ '5.0.0' ],
19 silly audit   'normalize-url': [ '8.0.1' ],
19 silly audit   'nth-check': [ '2.1.1' ],
19 silly audit   'number-allocator': [ '1.0.14' ],
19 silly audit   oauth2orize: [ '1.12.0' ],
19 silly audit   'object-assign': [ '4.1.1' ],
19 silly audit   'object-inspect': [ '1.13.4' ],
19 silly audit   'on-finished': [ '2.4.1' ],
19 silly audit   'optional-require': [ '1.1.10' ],
19 silly audit   'p-cancelable': [ '3.0.0' ],
19 silly audit   'package-json-from-dist': [ '1.0.1' ],
19 silly audit   parse5: [ '6.0.1' ],
19 silly audit   'parse5-htmlparser2-tree-adapter': [ '6.0.1' ],
19 silly audit   parseurl: [ '1.3.3' ],
19 silly audit   passport: [ '0.7.0' ],
19 silly audit   'passport-http-bearer': [ '1.0.1' ],
19 silly audit   'passport-oauth2-client-password': [ '0.1.2' ],
19 silly audit   'passport-strategy': [ '1.0.0' ],
19 silly audit   'path-key': [ '3.1.1' ],
19 silly audit   'path-scurry': [ '1.11.1' ],
19 silly audit   'path-to-regexp': [ '0.1.12' ],
19 silly audit   pause: [ '0.0.1' ],
19 silly audit   process: [ '0.11.10' ],
19 silly audit   'process-nextick-args': [ '2.0.1' ],
19 silly audit   'prom-client': [ '13.2.0' ],
19 silly audit   'proxy-addr': [ '2.0.7' ],
19 silly audit   'proxy-from-env': [ '1.1.0' ],
19 silly audit   pseudomap: [ '1.0.2' ],
19 silly audit   qs: [ '6.13.0' ],
19 silly audit   'quick-lru': [ '5.1.1' ],
19 silly audit   'random-bytes': [ '1.0.0' ],
19 silly audit   'range-parser': [ '1.2.1' ],
19 silly audit   read: [ '3.0.1' ],
19 silly audit   'regenerator-runtime': [ '0.14.1' ],
19 silly audit   reinterval: [ '1.1.0' ],
19 silly audit   'require-at': [ '1.0.6' ],
19 silly audit   'require-from-string': [ '2.0.2' ],
19 silly audit   'resolve-alpn': [ '1.2.1' ],
19 silly audit   responselike: [ '3.0.0' ],
19 silly audit   rfdc: [ '1.4.1' ],
19 silly audit   rimraf: [ '5.0.10' ],
19 silly audit   'safer-buffer': [ '2.1.2' ],
19 silly audit   saslprep: [ '1.0.3' ],
19 silly audit   sax: [ '1.4.1' ],
19 silly audit   semver: [ '7.6.3' ],
19 silly audit   send: [ '0.19.0' ],
19 silly audit   'serve-static': [ '1.16.2' ],
19 silly audit   setprototypeof: [ '1.2.0' ],
19 silly audit   'shebang-command': [ '2.0.0' ],
19 silly audit   'shebang-regex': [ '3.0.0' ],
19 silly audit   'side-channel': [ '1.1.0' ],
19 silly audit   'side-channel-list': [ '1.0.0' ],
19 silly audit   'side-channel-map': [ '1.0.1' ],
19 silly audit   'side-channel-weakmap': [ '1.0.2' ],
19 silly audit   'signal-exit': [ '4.1.0' ],
19 silly audit   'socket.io': [ '4.8.1' ],
19 silly audit   'socket.io-adapter': [ '2.5.5' ],
19 silly audit   'socket.io-parser': [ '4.2.4' ],
19 silly audit   'sparse-bitfield': [ '3.0.3' ],
19 silly audit   split2: [ '4.2.0' ],
19 silly audit   statuses: [ '2.0.1' ],
19 silly audit   streamsearch: [ '1.1.0' ],
19 silly audit   'string-width': [ '5.1.2', '4.2.3' ],
19 silly audit   tar: [ '7.4.3' ],
19 silly audit   yallist: [ '5.0.0', '2.1.2' ],
19 silly audit   tdigest: [ '0.1.2' ],
19 silly audit   tldts: [ '6.1.84' ],
19 silly audit   'tldts-core': [ '6.1.84' ],
19 silly audit   toidentifier: [ '1.0.1' ],
19 silly audit   'tough-cookie': [ '5.1.2' ],
19 silly audit   tslib: [ '2.8.1' ],
19 silly audit   'type-is': [ '1.6.18' ],
19 silly audit   typedarray: [ '0.0.6' ],
19 silly audit   'uglify-js': [ '3.17.4' ],
19 silly audit   'uid-safe': [ '2.1.5' ],
19 silly audit   uid2: [ '0.0.4' ],
19 silly audit   'undici-types': [ '6.20.0' ],
19 silly audit   universalify: [ '2.0.1' ],
19 silly audit   unpipe: [ '1.0.0' ],
19 silly audit   'util-deprecate': [ '1.0.2' ],
19 silly audit   'utils-merge': [ '1.0.1' ],
19 silly audit   uuid: [ '9.0.1' ],
19 silly audit   vary: [ '1.1.2' ],
19 silly audit   which: [ '2.0.2' ],
19 silly audit   'worker-timers': [ '7.1.8' ],
19 silly audit   'worker-timers-broker': [ '6.1.8' ],
19 silly audit   'worker-timers-worker': [ '7.0.71' ],
19 silly audit   'wrap-ansi': [ '8.1.0', '7.0.0' ],
19 silly audit   xml2js: [ '0.6.2' ],
19 silly audit   xmlbuilder: [ '11.0.1' ],
19 silly audit   xtend: [ '4.0.2' ],
19 silly audit   'node-red-contrib-prometheus-exporter': [ '1.0.5' ]
19 silly audit }
20 http fetch POST 200 https://registry.npmjs.org/-/npm/v1/security/advisories/bulk 621ms
21 silly audit report {
21 silly audit report   'brace-expansion': [
21 silly audit report     {
21 silly audit report       id: 1105444,
21 silly audit report       url: 'https://github.com/advisories/GHSA-v6h2-p8h4-qcjw',
21 silly audit report       title: 'brace-expansion Regular Expression Denial of Service vulnerability',
21 silly audit report       severity: 'low',
21 silly audit report       vulnerable_versions: '>=2.0.0 <=2.0.1',
21 silly audit report       cwe: [Array],
21 silly audit report       cvss: [Object]
21 silly audit report     }
21 silly audit report   ],
21 silly audit report   'on-headers': [
21 silly audit report     {
21 silly audit report       id: 1106485,
21 silly audit report       url: 'https://github.com/advisories/GHSA-76c9-3jph-rj3q',
21 silly audit report       title: 'on-headers is vulnerable to http response header manipulation',
21 silly audit report       severity: 'low',
21 silly audit report       vulnerable_versions: '<1.1.0',
21 silly audit report       cwe: [Array],
21 silly audit report       cvss: [Object]
21 silly audit report     }
21 silly audit report   ],
21 silly audit report   'form-data': [
21 silly audit report     {
21 silly audit report       id: 1106507,
21 silly audit report       url: 'https://github.com/advisories/GHSA-fjxv-7rqg-78g4',
21 silly audit report       title: 'form-data uses unsafe random function in form-data for choosing boundary',
21 silly audit report       severity: 'critical',
21 silly audit report       vulnerable_versions: '>=4.0.0 <4.0.4',
21 silly audit report       cwe: [Array],
21 silly audit report       cvss: [Object]
21 silly audit report     }
21 silly audit report   ]
21 silly audit report }
22 silly packumentCache corgi:https://registry.npmjs.org/brace-expansion cache-miss
23 silly packumentCache corgi:https://registry.npmjs.org/on-headers cache-miss
24 silly packumentCache corgi:https://registry.npmjs.org/form-data cache-miss
25 http fetch GET 200 https://registry.npmjs.org/brace-expansion 17ms (cache hit)
26 silly packumentCache corgi:https://registry.npmjs.org/brace-expansion set size:16192 disposed:false
27 http fetch GET 200 https://registry.npmjs.org/form-data 16ms (cache hit)
28 silly packumentCache corgi:https://registry.npmjs.org/form-data set size:50252 disposed:false
29 http fetch GET 200 https://registry.npmjs.org/on-headers 19ms (cache hit)
30 silly packumentCache corgi:https://registry.npmjs.org/on-headers set size:4386 disposed:false
31 silly packumentCache corgi:https://registry.npmjs.org/minimatch cache-miss
32 http fetch GET 200 https://registry.npmjs.org/minimatch 6ms (cache hit)
33 silly packumentCache corgi:https://registry.npmjs.org/minimatch set size:143741 disposed:false
34 silly packumentCache corgi:https://registry.npmjs.org/@node-red%2fnodes cache-miss
35 silly packumentCache corgi:https://registry.npmjs.org/express-session cache-miss
36 http fetch GET 200 https://registry.npmjs.org/express-session 8ms (cache hit)
37 silly packumentCache corgi:https://registry.npmjs.org/express-session set size:62752 disposed:false
38 http fetch GET 200 https://registry.npmjs.org/@node-red%2fnodes 11ms (cache hit)
39 silly packumentCache corgi:https://registry.npmjs.org/@node-red%2fnodes set size:201101 disposed:false
40 silly packumentCache corgi:https://registry.npmjs.org/axios cache-miss
41 http fetch GET 200 https://registry.npmjs.org/axios 8ms (cache hit)
42 silly packumentCache corgi:https://registry.npmjs.org/axios set size:244932 disposed:false
43 silly packumentCache corgi:https://registry.npmjs.org/@node-red%2feditor-api cache-miss
44 http fetch GET 200 https://registry.npmjs.org/@node-red%2feditor-api 7ms (cache hit)
45 silly packumentCache corgi:https://registry.npmjs.org/@node-red%2feditor-api set size:192469 disposed:false
46 silly packumentCache corgi:https://registry.npmjs.org/node-red cache-miss
47 http fetch GET 200 https://registry.npmjs.org/node-red 10ms (cache hit)
48 silly packumentCache corgi:https://registry.npmjs.org/node-red set size:323290 disposed:false
49 verbose cwd /usr/src/node-red
50 verbose os Linux 6.10.14-linuxkit
51 verbose node v20.19.0
52 verbose npm  v10.8.2
53 verbose exit 0
54 info ok
